#
# There is insufficient memory for the Java Runtime Environment to continue.
# Native memory allocation (mmap) failed to map 524288000 bytes. Error detail: G1 virtual space
# Possible reasons:
#   The system is out of physical RAM or swap space
#   This process is running with CompressedOops enabled, and the Java Heap may be blocking the growth of the native heap
# Possible solutions:
#   Reduce memory load on the system
#   Increase physical memory or swap space
#   Check if swap backing store is full
#   Decrease Java heap size (-Xmx/-Xms)
#   Decrease number of Java threads
#   Decrease Java thread stack sizes (-Xss)
#   Set larger code cache with -XX:ReservedCodeCacheSize=
#   JVM is running with Zero Based Compressed Oops mode in which the Java heap is
#     placed in the first 32GB address space. The Java Heap base address is the
#     maximum limit for the native heap growth. Please use -XX:HeapBaseMinAddress
#     to set the Java Heap base and to place the Java Heap above 32GB virtual address.
# This output file may be truncated or incomplete.
#
#  Out of Memory Error (os_windows.cpp:3703), pid=55664, tid=57300
#
# JRE version: Java(TM) SE Runtime Environment (23.0+37) (build 23+37-2369)
# Java VM: Java HotSpot(TM) 64-Bit Server VM (23+37-2369, mixed mode, sharing, tiered, compressed oops, compressed class ptrs, g1 gc, windows-amd64)
# No core dump will be written. Minidumps are not enabled by default on client versions of Windows
#

---------------  S U M M A R Y ------------

Command Line: org.languagetool.server.HTTPServer -p 8081

Host: AMD Ryzen 7 5700X3D 8-Core Processor           , 16 cores, 31G,  Windows 11 , 64 bit Build 22621 (10.0.22621.3958)
Time: Mon Sep 30 15:30:57 2024 Hora estándar de Argentina elapsed time: 1.207058 seconds (0d 0h 0m 1s)

---------------  T H R E A D  ---------------

Current thread (0x000002245f9c67f0):  VMThread "VM Thread"          [id=57300, stack(0x0000004454a00000,0x0000004454b00000) (1024K)]

Stack: [0x0000004454a00000,0x0000004454b00000]
Native frames: (J=compiled Java code, j=interpreted, Vv=VM code, C=native code)
V  [jvm.dll+0x6e08a9]  (no source info available)
V  [jvm.dll+0x87da63]  (no source info available)
V  [jvm.dll+0x87feee]  (no source info available)
V  [jvm.dll+0x8805c3]  (no source info available)
V  [jvm.dll+0x27aee6]  (no source info available)
V  [jvm.dll+0x6dd1b5]  (no source info available)
V  [jvm.dll+0x6d103a]  (no source info available)
V  [jvm.dll+0x35b3ea]  (no source info available)
V  [jvm.dll+0x3637f6]  (no source info available)
V  [jvm.dll+0x34fd5e]  (no source info available)
V  [jvm.dll+0x34fff8]  (no source info available)
V  [jvm.dll+0x3289cc]  (no source info available)
V  [jvm.dll+0x328a5a]  (no source info available)
V  [jvm.dll+0x374c92]  (no source info available)
V  [jvm.dll+0x373392]  (no source info available)
V  [jvm.dll+0x3281a7]  (no source info available)
V  [jvm.dll+0x372b44]  (no source info available)
V  [jvm.dll+0x886500]  (no source info available)
V  [jvm.dll+0x887827]  (no source info available)
V  [jvm.dll+0x887d58]  (no source info available)
V  [jvm.dll+0x887ff3]  (no source info available)
V  [jvm.dll+0x824f1b]  (no source info available)
V  [jvm.dll+0x6df055]  (no source info available)
C  [ucrtbase.dll+0x29333]  (no source info available)
C  [KERNEL32.DLL+0x1257d]  (no source info available)
C  [ntdll.dll+0x5af28]  (no source info available)

VM_Operation (0x00000044543fd470): G1CollectForAllocation, mode: safepoint, requested by thread 0x000002243b3cef40


---------------  P R O C E S S  ---------------

Threads class SMR info:
_java_thread_list=0x00000224a8ad55e0, length=18, elements={
0x000002243b3cef40, 0x000002245f9dd600, 0x000002245f9df530, 0x000002245f9e2670,
0x000002245f9e3680, 0x000002245f9e8100, 0x000002245f9e8c90, 0x000002245f9ed660,
0x000002245f9f0380, 0x0000022462927970, 0x0000022462a5b8a0, 0x0000022462a5e750,
0x0000022462a78560, 0x00000224a801b940, 0x00000224a8a95380, 0x00000224a8b7e7c0,
0x00000224a8a649b0, 0x00000224a8c17f50
}

Java Threads: ( => current thread )
  0x000002243b3cef40 JavaThread "main"                              [_thread_blocked, id=53788, stack(0x0000004454300000,0x0000004454400000) (1024K)]
  0x000002245f9dd600 JavaThread "Reference Handler"          daemon [_thread_blocked, id=56448, stack(0x0000004454b00000,0x0000004454c00000) (1024K)]
  0x000002245f9df530 JavaThread "Finalizer"                  daemon [_thread_blocked, id=56908, stack(0x0000004454c00000,0x0000004454d00000) (1024K)]
  0x000002245f9e2670 JavaThread "Signal Dispatcher"          daemon [_thread_blocked, id=56820, stack(0x0000004454d00000,0x0000004454e00000) (1024K)]
  0x000002245f9e3680 JavaThread "Attach Listener"            daemon [_thread_blocked, id=56540, stack(0x0000004454e00000,0x0000004454f00000) (1024K)]
  0x000002245f9e8100 JavaThread "Service Thread"             daemon [_thread_blocked, id=56124, stack(0x0000004454f00000,0x0000004455000000) (1024K)]
  0x000002245f9e8c90 JavaThread "Monitor Deflation Thread"   daemon [_thread_blocked, id=56452, stack(0x0000004455000000,0x0000004455100000) (1024K)]
  0x000002245f9ed660 JavaThread "C2 CompilerThread0"         daemon [_thread_blocked, id=56336, stack(0x0000004455100000,0x0000004455200000) (1024K)]
  0x000002245f9f0380 JavaThread "C1 CompilerThread0"         daemon [_thread_blocked, id=57192, stack(0x0000004455200000,0x0000004455300000) (1024K)]
  0x0000022462927970 JavaThread "C1 CompilerThread1"         daemon [_thread_blocked, id=15928, stack(0x0000004455300000,0x0000004455400000) (1024K)]
  0x0000022462a5b8a0 JavaThread "Notification Thread"        daemon [_thread_blocked, id=53060, stack(0x0000004455400000,0x0000004455500000) (1024K)]
  0x0000022462a5e750 JavaThread "Common-Cleaner"             daemon [_thread_blocked, id=52524, stack(0x0000004455500000,0x0000004455600000) (1024K)]
  0x0000022462a78560 JavaThread "C1 CompilerThread2"         daemon [_thread_blocked, id=56368, stack(0x0000004455600000,0x0000004455700000) (1024K)]
  0x00000224a801b940 JavaThread "C2 CompilerThread1"         daemon [_thread_blocked, id=56480, stack(0x0000004455700000,0x0000004455800000) (1024K)]
  0x00000224a8a95380 JavaThread "C1 CompilerThread3"         daemon [_thread_blocked, id=57348, stack(0x0000004455800000,0x0000004455900000) (1024K)]
  0x00000224a8b7e7c0 JavaThread "C2 CompilerThread2"         daemon [_thread_blocked, id=57352, stack(0x0000004455900000,0x0000004455a00000) (1024K)]
  0x00000224a8a649b0 JavaThread "LtThreadPoolMonitor"        daemon [_thread_blocked, id=57356, stack(0x0000004455a00000,0x0000004455b00000) (1024K)]
  0x00000224a8c17f50 JavaThread "LtThreadPoolExecutorMonitor" daemon [_thread_blocked, id=57360, stack(0x0000004455b00000,0x0000004455c00000) (1024K)]
Total: 18

Other Threads:
=>0x000002245f9c67f0 VMThread "VM Thread"                           [id=57300, stack(0x0000004454a00000,0x0000004454b00000) (1024K)]
  0x000002245f9b2260 WatcherThread "VM Periodic Task Thread"        [id=55740, stack(0x0000004454900000,0x0000004454a00000) (1024K)]
  0x000002243d872410 WorkerThread "GC Thread#0"                     [id=56420, stack(0x0000004454400000,0x0000004454500000) (1024K)]
  0x00000224a8b235d0 WorkerThread "GC Thread#1"                     [id=57364, stack(0x0000004455c00000,0x0000004455d00000) (1024K)]
  0x00000224a8b23980 WorkerThread "GC Thread#2"                     [id=57368, stack(0x0000004455d00000,0x0000004455e00000) (1024K)]
  0x00000224a8b23d30 WorkerThread "GC Thread#3"                     [id=57372, stack(0x0000004455e00000,0x0000004455f00000) (1024K)]
  0x00000224a8b15fc0 WorkerThread "GC Thread#4"                     [id=57376, stack(0x0000004455f00000,0x0000004456000000) (1024K)]
  0x00000224a8b7acf0 WorkerThread "GC Thread#5"                     [id=57380, stack(0x0000004456000000,0x0000004456100000) (1024K)]
  0x00000224a8b7b0a0 WorkerThread "GC Thread#6"                     [id=57384, stack(0x0000004456100000,0x0000004456200000) (1024K)]
  0x00000224a8b7bc70 WorkerThread "GC Thread#7"                     [id=57388, stack(0x0000004456200000,0x0000004456300000) (1024K)]
  0x00000224a8b20120 WorkerThread "GC Thread#8"                     [id=57392, stack(0x0000004456300000,0x0000004456400000) (1024K)]
  0x00000224a8b204d0 WorkerThread "GC Thread#9"                     [id=57396, stack(0x0000004456400000,0x0000004456500000) (1024K)]
  0x00000224a8b99880 WorkerThread "GC Thread#10"                    [id=57400, stack(0x0000004456500000,0x0000004456600000) (1024K)]
  0x00000224a8b97eb0 WorkerThread "GC Thread#11"                    [id=57404, stack(0x0000004456600000,0x0000004456700000) (1024K)]
  0x000002243d880620 ConcurrentGCThread "G1 Main Marker"            [id=55412, stack(0x0000004454500000,0x0000004454600000) (1024K)]
  0x000002243d8818d0 WorkerThread "G1 Conc#0"                       [id=56472, stack(0x0000004454600000,0x0000004454700000) (1024K)]
  0x000002245f8f3da0 ConcurrentGCThread "G1 Refine#0"               [id=55848, stack(0x0000004454700000,0x0000004454800000) (1024K)]
  0x000002245f8f6930 ConcurrentGCThread "G1 Service"                [id=56960, stack(0x0000004454800000,0x0000004454900000) (1024K)]
Total: 18

Threads with active compile tasks:
Total: 0

VM state: at safepoint (normal execution)

VM Mutex/Monitor currently owned by a thread:  ([mutex/lock_event])
[0x00007fff3f063910] Threads_lock - owner thread: 0x000002245f9c67f0
[0x00007fff3f063a10] Heap_lock - owner thread: 0x000002243b3cef40

Heap address: 0x0000000601000000, size: 8176 MB, Compressed Oops mode: Zero based, Oop shift amount: 3

CDS archive(s) mapped at: [0x0000022463000000-0x0000022463d70000-0x0000022463d70000), size 14090240, SharedBaseAddress: 0x0000022463000000, ArchiveRelocationMode: 1.
Compressed class space mapped at: 0x0000022464000000-0x00000224a4000000, reserved size: 1073741824
Narrow klass base: 0x0000022463000000, Narrow klass shift: 0, Narrow klass range: 0x41000000

GC Precious Log:
 CardTable entry size: 512
 Card Set container configuration: InlinePtr #cards 4 size 8 Array Of Cards #cards 32 size 80 Howl #buckets 8 coarsen threshold 7372 Howl Bitmap #cards 1024 size 144 coarsen threshold 921 Card regions per heap region 1 cards per card region 8192
 CPUs: 16 total, 16 available
 Memory: 32692M
 Large Page Support: Disabled
 NUMA Support: Disabled
 Compressed Oops: Enabled (Zero based)
 Heap Region Size: 4M
 Heap Min Capacity: 8M
 Heap Initial Capacity: 512M
 Heap Max Capacity: 8176M
 Pre-touch: Disabled
 Parallel Workers: 13
 Concurrent Workers: 3
 Concurrent Refinement Workers: 13
 Periodic GC: Disabled

Heap:
 garbage-first heap   total reserved 8372224K, committed 524288K, used 60851K [0x0000000601000000, 0x0000000800000000)
  region size 4096K, 3 young (12288K), 3 survivors (12288K)
 Metaspace       used 11029K, committed 11264K, reserved 1114112K
  class space    used 1283K, committed 1408K, reserved 1048576K

Heap Regions: E=young(eden), S=young(survivor), O=old, HS=humongous(starts), HC=humongous(continues), CS=collection set, F=free, TAMS=top-at-mark-start, PB=parsable bottom
|   0|0x0000000601000000, 0x0000000601400000, 0x0000000601400000|100%| O|  |TAMS 0x0000000601000000| PB 0x0000000601000000| Untracked |  0
|   1|0x0000000601400000, 0x0000000601800000, 0x0000000601800000|100%| O|  |TAMS 0x0000000601400000| PB 0x0000000601400000| Untracked |  0
|   2|0x0000000601800000, 0x0000000601c00000, 0x0000000601c00000|100%| O|  |TAMS 0x0000000601800000| PB 0x0000000601800000| Untracked |  0
|   3|0x0000000601c00000, 0x0000000602000000, 0x0000000602000000|100%| O|  |TAMS 0x0000000601c00000| PB 0x0000000601c00000| Untracked |  0
|   4|0x0000000602000000, 0x0000000602400000, 0x0000000602400000|100%| O|  |TAMS 0x0000000602000000| PB 0x0000000602000000| Untracked |  0
|   5|0x0000000602400000, 0x0000000602800000, 0x0000000602800000|100%| O|  |TAMS 0x0000000602400000| PB 0x0000000602400000| Untracked |  0
|   6|0x0000000602800000, 0x0000000602c00000, 0x0000000602c00000|100%| O|  |TAMS 0x0000000602800000| PB 0x0000000602800000| Untracked |  0
|   7|0x0000000602c00000, 0x0000000603000000, 0x0000000603000000|100%|HS|  |TAMS 0x0000000602c00000| PB 0x0000000602c00000| Complete |  0
|   8|0x0000000603000000, 0x0000000603400000, 0x0000000603400000|100%| O|  |TAMS 0x0000000603000000| PB 0x0000000603000000| Untracked |  0
|   9|0x0000000603400000, 0x0000000603800000, 0x0000000603800000|100%| O|  |TAMS 0x0000000603400000| PB 0x0000000603400000| Untracked |  0
|  10|0x0000000603800000, 0x0000000603c00000, 0x0000000603c00000|100%| O|  |TAMS 0x0000000603800000| PB 0x0000000603800000| Untracked |  0
|  11|0x0000000603c00000, 0x0000000603f6ccc0, 0x0000000604000000| 85%| O|  |TAMS 0x0000000603c00000| PB 0x0000000603c00000| Untracked |  0
|  12|0x0000000604000000, 0x0000000604000000, 0x0000000604400000|  0%| F|  |TAMS 0x0000000604000000| PB 0x0000000604000000| Untracked |  0
|  13|0x0000000604400000, 0x0000000604400000, 0x0000000604800000|  0%| F|  |TAMS 0x0000000604400000| PB 0x0000000604400000| Untracked |  0
|  14|0x0000000604800000, 0x0000000604800000, 0x0000000604c00000|  0%| F|  |TAMS 0x0000000604800000| PB 0x0000000604800000| Untracked |  0
|  15|0x0000000604c00000, 0x0000000604c00000, 0x0000000605000000|  0%| F|  |TAMS 0x0000000604c00000| PB 0x0000000604c00000| Untracked |  0
|  16|0x0000000605000000, 0x0000000605000000, 0x0000000605400000|  0%| F|  |TAMS 0x0000000605000000| PB 0x0000000605000000| Untracked |  0
|  17|0x0000000605400000, 0x0000000605400000, 0x0000000605800000|  0%| F|  |TAMS 0x0000000605400000| PB 0x0000000605400000| Untracked |  0
|  18|0x0000000605800000, 0x0000000605800000, 0x0000000605c00000|  0%| F|  |TAMS 0x0000000605800000| PB 0x0000000605800000| Untracked |  0
|  19|0x0000000605c00000, 0x0000000605c00000, 0x0000000606000000|  0%| F|  |TAMS 0x0000000605c00000| PB 0x0000000605c00000| Untracked |  0
|  20|0x0000000606000000, 0x0000000606000000, 0x0000000606400000|  0%| F|  |TAMS 0x0000000606000000| PB 0x0000000606000000| Untracked |  0
|  21|0x0000000606400000, 0x0000000606400000, 0x0000000606800000|  0%| F|  |TAMS 0x0000000606400000| PB 0x0000000606400000| Untracked |  0
|  22|0x0000000606800000, 0x0000000606800000, 0x0000000606c00000|  0%| F|  |TAMS 0x0000000606800000| PB 0x0000000606800000| Untracked |  0
|  23|0x0000000606c00000, 0x0000000606c00000, 0x0000000607000000|  0%| F|  |TAMS 0x0000000606c00000| PB 0x0000000606c00000| Untracked |  0
|  24|0x0000000607000000, 0x0000000607000000, 0x0000000607400000|  0%| F|  |TAMS 0x0000000607000000| PB 0x0000000607000000| Untracked |  0
|  25|0x0000000607400000, 0x0000000607400000, 0x0000000607800000|  0%| F|  |TAMS 0x0000000607400000| PB 0x0000000607400000| Untracked |  0
|  26|0x0000000607800000, 0x0000000607800000, 0x0000000607c00000|  0%| F|  |TAMS 0x0000000607800000| PB 0x0000000607800000| Untracked |  0
|  27|0x0000000607c00000, 0x0000000607c00000, 0x0000000608000000|  0%| F|  |TAMS 0x0000000607c00000| PB 0x0000000607c00000| Untracked |  0
|  28|0x0000000608000000, 0x0000000608000000, 0x0000000608400000|  0%| F|  |TAMS 0x0000000608000000| PB 0x0000000608000000| Untracked |  0
|  29|0x0000000608400000, 0x0000000608400000, 0x0000000608800000|  0%| F|  |TAMS 0x0000000608400000| PB 0x0000000608400000| Untracked |  0
|  30|0x0000000608800000, 0x0000000608800000, 0x0000000608c00000|  0%| F|  |TAMS 0x0000000608800000| PB 0x0000000608800000| Untracked |  0
|  31|0x0000000608c00000, 0x0000000608c00000, 0x0000000609000000|  0%| F|  |TAMS 0x0000000608c00000| PB 0x0000000608c00000| Untracked |  0
|  32|0x0000000609000000, 0x0000000609000000, 0x0000000609400000|  0%| F|  |TAMS 0x0000000609000000| PB 0x0000000609000000| Untracked |  0
|  33|0x0000000609400000, 0x0000000609400000, 0x0000000609800000|  0%| F|  |TAMS 0x0000000609400000| PB 0x0000000609400000| Untracked |  0
|  34|0x0000000609800000, 0x0000000609800000, 0x0000000609c00000|  0%| F|  |TAMS 0x0000000609800000| PB 0x0000000609800000| Untracked |  0
|  35|0x0000000609c00000, 0x0000000609c00000, 0x000000060a000000|  0%| F|  |TAMS 0x0000000609c00000| PB 0x0000000609c00000| Untracked |  0
|  36|0x000000060a000000, 0x000000060a000000, 0x000000060a400000|  0%| F|  |TAMS 0x000000060a000000| PB 0x000000060a000000| Untracked |  0
|  37|0x000000060a400000, 0x000000060a400000, 0x000000060a800000|  0%| F|  |TAMS 0x000000060a400000| PB 0x000000060a400000| Untracked |  0
|  38|0x000000060a800000, 0x000000060a800000, 0x000000060ac00000|  0%| F|  |TAMS 0x000000060a800000| PB 0x000000060a800000| Untracked |  0
|  39|0x000000060ac00000, 0x000000060ac00000, 0x000000060b000000|  0%| F|  |TAMS 0x000000060ac00000| PB 0x000000060ac00000| Untracked |  0
|  40|0x000000060b000000, 0x000000060b000000, 0x000000060b400000|  0%| F|  |TAMS 0x000000060b000000| PB 0x000000060b000000| Untracked |  0
|  41|0x000000060b400000, 0x000000060b400000, 0x000000060b800000|  0%| F|  |TAMS 0x000000060b400000| PB 0x000000060b400000| Untracked |  0
|  42|0x000000060b800000, 0x000000060b800000, 0x000000060bc00000|  0%| F|  |TAMS 0x000000060b800000| PB 0x000000060b800000| Untracked |  0
|  43|0x000000060bc00000, 0x000000060bc00000, 0x000000060c000000|  0%| F|  |TAMS 0x000000060bc00000| PB 0x000000060bc00000| Untracked |  0
|  44|0x000000060c000000, 0x000000060c000000, 0x000000060c400000|  0%| F|  |TAMS 0x000000060c000000| PB 0x000000060c000000| Untracked |  0
|  45|0x000000060c400000, 0x000000060c400000, 0x000000060c800000|  0%| F|  |TAMS 0x000000060c400000| PB 0x000000060c400000| Untracked |  0
|  46|0x000000060c800000, 0x000000060c800000, 0x000000060cc00000|  0%| F|  |TAMS 0x000000060c800000| PB 0x000000060c800000| Untracked |  0
|  47|0x000000060cc00000, 0x000000060cc00000, 0x000000060d000000|  0%| F|  |TAMS 0x000000060cc00000| PB 0x000000060cc00000| Untracked |  0
|  48|0x000000060d000000, 0x000000060d000000, 0x000000060d400000|  0%| F|  |TAMS 0x000000060d000000| PB 0x000000060d000000| Untracked |  0
|  49|0x000000060d400000, 0x000000060d400000, 0x000000060d800000|  0%| F|  |TAMS 0x000000060d400000| PB 0x000000060d400000| Untracked |  0
|  50|0x000000060d800000, 0x000000060d800000, 0x000000060dc00000|  0%| F|  |TAMS 0x000000060d800000| PB 0x000000060d800000| Untracked |  0
|  51|0x000000060dc00000, 0x000000060dc00000, 0x000000060e000000|  0%| F|  |TAMS 0x000000060dc00000| PB 0x000000060dc00000| Untracked |  0
|  52|0x000000060e000000, 0x000000060e000000, 0x000000060e400000|  0%| F|  |TAMS 0x000000060e000000| PB 0x000000060e000000| Untracked |  0
|  53|0x000000060e400000, 0x000000060e400000, 0x000000060e800000|  0%| F|  |TAMS 0x000000060e400000| PB 0x000000060e400000| Untracked |  0
|  54|0x000000060e800000, 0x000000060e800000, 0x000000060ec00000|  0%| F|  |TAMS 0x000000060e800000| PB 0x000000060e800000| Untracked |  0
|  55|0x000000060ec00000, 0x000000060ec00000, 0x000000060f000000|  0%| F|  |TAMS 0x000000060ec00000| PB 0x000000060ec00000| Untracked |  0
|  56|0x000000060f000000, 0x000000060f000000, 0x000000060f400000|  0%| F|  |TAMS 0x000000060f000000| PB 0x000000060f000000| Untracked |  0
|  57|0x000000060f400000, 0x000000060f400000, 0x000000060f800000|  0%| F|  |TAMS 0x000000060f400000| PB 0x000000060f400000| Untracked |  0
|  58|0x000000060f800000, 0x000000060f800000, 0x000000060fc00000|  0%| F|  |TAMS 0x000000060f800000| PB 0x000000060f800000| Untracked |  0
|  59|0x000000060fc00000, 0x000000060fc00000, 0x0000000610000000|  0%| F|  |TAMS 0x000000060fc00000| PB 0x000000060fc00000| Untracked |  0
|  60|0x0000000610000000, 0x0000000610000000, 0x0000000610400000|  0%| F|  |TAMS 0x0000000610000000| PB 0x0000000610000000| Untracked |  0
|  61|0x0000000610400000, 0x0000000610400000, 0x0000000610800000|  0%| F|  |TAMS 0x0000000610400000| PB 0x0000000610400000| Untracked |  0
|  62|0x0000000610800000, 0x0000000610800000, 0x0000000610c00000|  0%| F|  |TAMS 0x0000000610800000| PB 0x0000000610800000| Untracked |  0
|  63|0x0000000610c00000, 0x0000000610c00000, 0x0000000611000000|  0%| F|  |TAMS 0x0000000610c00000| PB 0x0000000610c00000| Untracked |  0
|  64|0x0000000611000000, 0x0000000611000000, 0x0000000611400000|  0%| F|  |TAMS 0x0000000611000000| PB 0x0000000611000000| Untracked |  0
|  65|0x0000000611400000, 0x0000000611400000, 0x0000000611800000|  0%| F|  |TAMS 0x0000000611400000| PB 0x0000000611400000| Untracked |  0
|  66|0x0000000611800000, 0x0000000611800000, 0x0000000611c00000|  0%| F|  |TAMS 0x0000000611800000| PB 0x0000000611800000| Untracked |  0
|  67|0x0000000611c00000, 0x0000000611c00000, 0x0000000612000000|  0%| F|  |TAMS 0x0000000611c00000| PB 0x0000000611c00000| Untracked |  0
|  68|0x0000000612000000, 0x0000000612000000, 0x0000000612400000|  0%| F|  |TAMS 0x0000000612000000| PB 0x0000000612000000| Untracked |  0
|  69|0x0000000612400000, 0x0000000612400000, 0x0000000612800000|  0%| F|  |TAMS 0x0000000612400000| PB 0x0000000612400000| Untracked |  0
|  70|0x0000000612800000, 0x0000000612800000, 0x0000000612c00000|  0%| F|  |TAMS 0x0000000612800000| PB 0x0000000612800000| Untracked |  0
|  71|0x0000000612c00000, 0x0000000612c00000, 0x0000000613000000|  0%| F|  |TAMS 0x0000000612c00000| PB 0x0000000612c00000| Untracked |  0
|  72|0x0000000613000000, 0x0000000613000000, 0x0000000613400000|  0%| F|  |TAMS 0x0000000613000000| PB 0x0000000613000000| Untracked |  0
|  73|0x0000000613400000, 0x0000000613400000, 0x0000000613800000|  0%| F|  |TAMS 0x0000000613400000| PB 0x0000000613400000| Untracked |  0
|  74|0x0000000613800000, 0x0000000613800000, 0x0000000613c00000|  0%| F|  |TAMS 0x0000000613800000| PB 0x0000000613800000| Untracked |  0
|  75|0x0000000613c00000, 0x0000000613c00000, 0x0000000614000000|  0%| F|  |TAMS 0x0000000613c00000| PB 0x0000000613c00000| Untracked |  0
|  76|0x0000000614000000, 0x0000000614000000, 0x0000000614400000|  0%| F|  |TAMS 0x0000000614000000| PB 0x0000000614000000| Untracked |  0
|  77|0x0000000614400000, 0x0000000614400000, 0x0000000614800000|  0%| F|  |TAMS 0x0000000614400000| PB 0x0000000614400000| Untracked |  0
|  78|0x0000000614800000, 0x0000000614800000, 0x0000000614c00000|  0%| F|  |TAMS 0x0000000614800000| PB 0x0000000614800000| Untracked |  0
|  79|0x0000000614c00000, 0x0000000614c00000, 0x0000000615000000|  0%| F|  |TAMS 0x0000000614c00000| PB 0x0000000614c00000| Untracked |  0
|  80|0x0000000615000000, 0x0000000615000000, 0x0000000615400000|  0%| F|  |TAMS 0x0000000615000000| PB 0x0000000615000000| Untracked |  0
|  81|0x0000000615400000, 0x0000000615400000, 0x0000000615800000|  0%| F|  |TAMS 0x0000000615400000| PB 0x0000000615400000| Untracked |  0
|  82|0x0000000615800000, 0x0000000615800000, 0x0000000615c00000|  0%| F|  |TAMS 0x0000000615800000| PB 0x0000000615800000| Untracked |  0
|  83|0x0000000615c00000, 0x0000000615c00000, 0x0000000616000000|  0%| F|  |TAMS 0x0000000615c00000| PB 0x0000000615c00000| Untracked |  0
|  84|0x0000000616000000, 0x0000000616000000, 0x0000000616400000|  0%| F|  |TAMS 0x0000000616000000| PB 0x0000000616000000| Untracked |  0
|  85|0x0000000616400000, 0x0000000616400000, 0x0000000616800000|  0%| F|  |TAMS 0x0000000616400000| PB 0x0000000616400000| Untracked |  0
|  86|0x0000000616800000, 0x0000000616800000, 0x0000000616c00000|  0%| F|  |TAMS 0x0000000616800000| PB 0x0000000616800000| Untracked |  0
|  87|0x0000000616c00000, 0x0000000616c00000, 0x0000000617000000|  0%| F|  |TAMS 0x0000000616c00000| PB 0x0000000616c00000| Untracked |  0
|  88|0x0000000617000000, 0x0000000617000000, 0x0000000617400000|  0%| F|  |TAMS 0x0000000617000000| PB 0x0000000617000000| Untracked |  0
|  89|0x0000000617400000, 0x0000000617400000, 0x0000000617800000|  0%| F|  |TAMS 0x0000000617400000| PB 0x0000000617400000| Untracked |  0
|  90|0x0000000617800000, 0x0000000617800000, 0x0000000617c00000|  0%| F|  |TAMS 0x0000000617800000| PB 0x0000000617800000| Untracked |  0
|  91|0x0000000617c00000, 0x0000000617c00000, 0x0000000618000000|  0%| F|  |TAMS 0x0000000617c00000| PB 0x0000000617c00000| Untracked |  0
|  92|0x0000000618000000, 0x0000000618000000, 0x0000000618400000|  0%| F|  |TAMS 0x0000000618000000| PB 0x0000000618000000| Untracked |  0
|  93|0x0000000618400000, 0x0000000618400000, 0x0000000618800000|  0%| F|  |TAMS 0x0000000618400000| PB 0x0000000618400000| Untracked |  0
|  94|0x0000000618800000, 0x0000000618800000, 0x0000000618c00000|  0%| F|  |TAMS 0x0000000618800000| PB 0x0000000618800000| Untracked |  0
|  95|0x0000000618c00000, 0x0000000618c00000, 0x0000000619000000|  0%| F|  |TAMS 0x0000000618c00000| PB 0x0000000618c00000| Untracked |  0
|  96|0x0000000619000000, 0x0000000619000000, 0x0000000619400000|  0%| F|  |TAMS 0x0000000619000000| PB 0x0000000619000000| Untracked |  0
|  97|0x0000000619400000, 0x0000000619400000, 0x0000000619800000|  0%| F|  |TAMS 0x0000000619400000| PB 0x0000000619400000| Untracked |  0
|  98|0x0000000619800000, 0x0000000619800000, 0x0000000619c00000|  0%| F|  |TAMS 0x0000000619800000| PB 0x0000000619800000| Untracked |  0
|  99|0x0000000619c00000, 0x0000000619c00000, 0x000000061a000000|  0%| F|  |TAMS 0x0000000619c00000| PB 0x0000000619c00000| Untracked |  0
| 100|0x000000061a000000, 0x000000061a000000, 0x000000061a400000|  0%| F|  |TAMS 0x000000061a000000| PB 0x000000061a000000| Untracked |  0
| 101|0x000000061a400000, 0x000000061a400000, 0x000000061a800000|  0%| F|  |TAMS 0x000000061a400000| PB 0x000000061a400000| Untracked |  0
| 102|0x000000061a800000, 0x000000061a800000, 0x000000061ac00000|  0%| F|  |TAMS 0x000000061a800000| PB 0x000000061a800000| Untracked |  0
| 103|0x000000061ac00000, 0x000000061ac00000, 0x000000061b000000|  0%| F|  |TAMS 0x000000061ac00000| PB 0x000000061ac00000| Untracked |  0
| 104|0x000000061b000000, 0x000000061b000000, 0x000000061b400000|  0%| F|  |TAMS 0x000000061b000000| PB 0x000000061b000000| Untracked |  0
| 105|0x000000061b400000, 0x000000061b400000, 0x000000061b800000|  0%| F|  |TAMS 0x000000061b400000| PB 0x000000061b400000| Untracked |  0
| 106|0x000000061b800000, 0x000000061b800000, 0x000000061bc00000|  0%| F|  |TAMS 0x000000061b800000| PB 0x000000061b800000| Untracked |  0
| 107|0x000000061bc00000, 0x000000061c000000, 0x000000061c000000|100%| S|CS|TAMS 0x000000061bc00000| PB 0x000000061bc00000| Complete |  0
| 108|0x000000061c000000, 0x000000061c400000, 0x000000061c400000|100%| S|CS|TAMS 0x000000061c000000| PB 0x000000061c000000| Complete |  0
| 109|0x000000061c400000, 0x000000061c800000, 0x000000061c800000|100%| S|CS|TAMS 0x000000061c400000| PB 0x000000061c400000| Complete |  0
| 110|0x000000061c800000, 0x000000061c800000, 0x000000061cc00000|  0%| F|  |TAMS 0x000000061c800000| PB 0x000000061c800000| Untracked |  0
| 111|0x000000061cc00000, 0x000000061cc00000, 0x000000061d000000|  0%| F|  |TAMS 0x000000061cc00000| PB 0x000000061cc00000| Untracked |  0
| 112|0x000000061d000000, 0x000000061d000000, 0x000000061d400000|  0%| F|  |TAMS 0x000000061d000000| PB 0x000000061d000000| Untracked |  0
| 113|0x000000061d400000, 0x000000061d400000, 0x000000061d800000|  0%| F|  |TAMS 0x000000061d400000| PB 0x000000061d400000| Untracked |  0
| 114|0x000000061d800000, 0x000000061d800000, 0x000000061dc00000|  0%| F|  |TAMS 0x000000061d800000| PB 0x000000061d800000| Untracked |  0
| 115|0x000000061dc00000, 0x000000061dc00000, 0x000000061e000000|  0%| F|  |TAMS 0x000000061dc00000| PB 0x000000061dc00000| Untracked |  0
| 116|0x000000061e000000, 0x000000061e000000, 0x000000061e400000|  0%| F|  |TAMS 0x000000061e000000| PB 0x000000061e000000| Untracked |  0
| 117|0x000000061e400000, 0x000000061e400000, 0x000000061e800000|  0%| F|  |TAMS 0x000000061e400000| PB 0x000000061e400000| Untracked |  0
| 118|0x000000061e800000, 0x000000061e800000, 0x000000061ec00000|  0%| F|  |TAMS 0x000000061e800000| PB 0x000000061e800000| Untracked |  0
| 119|0x000000061ec00000, 0x000000061ec00000, 0x000000061f000000|  0%| F|  |TAMS 0x000000061ec00000| PB 0x000000061ec00000| Untracked |  0
| 120|0x000000061f000000, 0x000000061f000000, 0x000000061f400000|  0%| F|  |TAMS 0x000000061f000000| PB 0x000000061f000000| Untracked |  0
| 121|0x000000061f400000, 0x000000061f400000, 0x000000061f800000|  0%| F|  |TAMS 0x000000061f400000| PB 0x000000061f400000| Untracked |  0
| 122|0x000000061f800000, 0x000000061f800000, 0x000000061fc00000|  0%| F|  |TAMS 0x000000061f800000| PB 0x000000061f800000| Untracked |  0
| 123|0x000000061fc00000, 0x000000061fc00000, 0x0000000620000000|  0%| F|  |TAMS 0x000000061fc00000| PB 0x000000061fc00000| Untracked |  0
| 124|0x0000000620000000, 0x0000000620000000, 0x0000000620400000|  0%| F|  |TAMS 0x0000000620000000| PB 0x0000000620000000| Untracked |  0
| 125|0x0000000620400000, 0x0000000620400000, 0x0000000620800000|  0%| F|  |TAMS 0x0000000620400000| PB 0x0000000620400000| Untracked |  0
| 126|0x0000000620800000, 0x0000000620800000, 0x0000000620c00000|  0%| F|  |TAMS 0x0000000620800000| PB 0x0000000620800000| Untracked |  0
| 127|0x0000000620c00000, 0x0000000620c00000, 0x0000000621000000|  0%| F|  |TAMS 0x0000000620c00000| PB 0x0000000620c00000| Untracked |  0

Card table byte_map: [0x0000022456780000,0x0000022457780000] _byte_map_base: 0x0000022453778000

Marking Bits: (CMBitMap*) 0x000002243d872b20
 Bits: [0x0000022457780000, 0x000002245f740000)

Polling page: 0x000002243b630000

Metaspace:

Usage:
  Non-class:      9.52 MB used.
      Class:      1.25 MB used.
       Both:     10.77 MB used.

Virtual space:
  Non-class space:       64.00 MB reserved,       9.62 MB ( 15%) committed,  1 nodes.
      Class space:        1.00 GB reserved,       1.38 MB ( <1%) committed,  1 nodes.
             Both:        1.06 GB reserved,      11.00 MB (  1%) committed. 

Chunk freelists:
   Non-Class:  5.77 MB
       Class:  14.55 MB
        Both:  20.31 MB

MaxMetaspaceSize: unlimited
CompressedClassSpaceSize: 1.00 GB
Initial GC threshold: 21.00 MB
Current GC threshold: 21.00 MB
CDS: on
 - commit_granule_bytes: 65536.
 - commit_granule_words: 8192.
 - virtual_space_node_default_size: 8388608.
 - enlarge_chunks_in_place: 1.
 - use_allocation_guard: 0.


Internal statistics:

num_allocs_failed_limit: 0.
num_arena_births: 78.
num_arena_deaths: 0.
num_vsnodes_births: 2.
num_vsnodes_deaths: 0.
num_space_committed: 175.
num_space_uncommitted: 0.
num_chunks_returned_to_freelist: 0.
num_chunks_taken_from_freelist: 279.
num_chunk_merges: 0.
num_chunk_splits: 186.
num_chunks_enlarged: 145.
num_inconsistent_stats: 0.

CodeHeap 'non-profiled nmethods': size=119232Kb used=832Kb max_used=832Kb free=118399Kb
 bounds [0x000002244da90000, 0x000002244dd00000, 0x0000022454f00000]
CodeHeap 'profiled nmethods': size=119104Kb used=2965Kb max_used=2965Kb free=116138Kb
 bounds [0x0000022445f00000, 0x00000224461f0000, 0x000002244d350000]
CodeHeap 'non-nmethods': size=7424Kb used=3131Kb max_used=3177Kb free=4292Kb
 bounds [0x000002244d350000, 0x000002244d670000, 0x000002244da90000]
CodeCache: size=245760Kb, used=6928Kb, max_used=6974Kb, free=238829Kb
 total_blobs=2580, nmethods=2037, adapters=446, full_count=0
Compilation: enabled, stopped_count=0, restarted_count=0

Compilation events (20 events):
Event: 1.186 Thread 0x0000022462a78560 2029 % !   3       com.optimaize.langdetect.frma.LangProfileReader::read @ 203 (372 bytes)
Event: 1.188 Thread 0x000002245f9f0380 2030 % !   3       com.optimaize.langdetect.profiles.OldLangProfileConverter::convert @ 47 (103 bytes)
Event: 1.188 Thread 0x0000022462a78560 nmethod 2029% 0x00000224461d6488 code [0x00000224461d6a20, 0x00000224461d97a8]
Event: 1.188 Thread 0x0000022462a78560 2031 %     3       com.optimaize.langdetect.profiles.LanguageProfileImpl::makeStats @ 96 (259 bytes)
Event: 1.188 Thread 0x000002245f9f0380 nmethod 2030% 0x00000224461d9908 code [0x00000224461d9ba0, 0x00000224461daeb8]
Event: 1.189 Thread 0x00000224a8a95380 2032   !   3       jdk.internal.loader.BuiltinClassLoader::findResource (154 bytes)
Event: 1.189 Thread 0x0000022462927970 2033       3       jdk.internal.loader.BuiltinClassLoader::findResourceOnClassPath (41 bytes)
Event: 1.189 Thread 0x0000022462927970 nmethod 2033 0x00000224461daf88 code [0x00000224461db0e0, 0x00000224461db4c0]
Event: 1.189 Thread 0x0000022462a78560 nmethod 2031% 0x00000224461db508 code [0x00000224461db880, 0x00000224461dd460]
Event: 1.189 Thread 0x00000224a8a95380 nmethod 2032 0x00000224461dd508 code [0x00000224461dd800, 0x00000224461dec10]
Event: 1.190 Thread 0x0000022462a78560 2034   !   3       com.optimaize.langdetect.frma.LangProfileReader::read (372 bytes)
Event: 1.191 Thread 0x00000224a8a95380 2035   !   3       com.optimaize.langdetect.profiles.OldLangProfileConverter::convert (103 bytes)
Event: 1.191 Thread 0x0000022462927970 2036       3       com.optimaize.langdetect.profiles.LanguageProfileImpl::makeStats (259 bytes)
Event: 1.191 Thread 0x0000022462a78560 nmethod 2034 0x00000224461ded08 code [0x00000224461df260, 0x00000224461e1cd8]
Event: 1.191 Thread 0x00000224a8a95380 nmethod 2035 0x00000224461e1e88 code [0x00000224461e2100, 0x00000224461e3330]
Event: 1.192 Thread 0x0000022462927970 nmethod 2036 0x00000224461e3408 code [0x00000224461e3760, 0x00000224461e50e0]
Event: 1.195 Thread 0x000002245f9f0380 2037   !   3       java.util.regex.Pattern::matcher (44 bytes)
Event: 1.195 Thread 0x000002245f9f0380 nmethod 2037 0x00000224461e5188 code [0x00000224461e52c0, 0x00000224461e56c0]
Event: 1.196 Thread 0x0000022462a78560 2038       1       java.util.zip.ZipFile$ZipFileInputStream::size (5 bytes)
Event: 1.196 Thread 0x0000022462a78560 nmethod 2038 0x000002244db5ff08 code [0x000002244db60020, 0x000002244db600e8]

GC Heap History (11 events):
Event: 0.688 GC heap before
{Heap before GC invocations=0 (full 0):
 garbage-first heap   total reserved 8372224K, committed 524288K, used 24576K [0x0000000601000000, 0x0000000800000000)
  region size 4096K, 6 young (24576K), 0 survivors (0K)
 Metaspace       used 7034K, committed 7232K, reserved 1114112K
  class space    used 879K, committed 960K, reserved 1048576K
}
Event: 0.692 GC heap after
{Heap after GC invocations=1 (full 0):
 garbage-first heap   total reserved 8372224K, committed 524288K, used 7744K [0x0000000601000000, 0x0000000800000000)
  region size 4096K, 1 young (4096K), 1 survivors (4096K)
 Metaspace       used 7034K, committed 7232K, reserved 1114112K
  class space    used 879K, committed 960K, reserved 1048576K
}
Event: 0.876 GC heap before
{Heap before GC invocations=1 (full 0):
 garbage-first heap   total reserved 8372224K, committed 524288K, used 28224K [0x0000000601000000, 0x0000000800000000)
  region size 4096K, 6 young (24576K), 1 survivors (4096K)
 Metaspace       used 10412K, committed 10624K, reserved 1114112K
  class space    used 1209K, committed 1344K, reserved 1048576K
}
Event: 0.878 GC heap after
{Heap after GC invocations=2 (full 0):
 garbage-first heap   total reserved 8372224K, committed 524288K, used 12211K [0x0000000601000000, 0x0000000800000000)
  region size 4096K, 1 young (4096K), 1 survivors (4096K)
 Metaspace       used 10412K, committed 10624K, reserved 1114112K
  class space    used 1209K, committed 1344K, reserved 1048576K
}
Event: 0.974 GC heap before
{Heap before GC invocations=2 (full 0):
 garbage-first heap   total reserved 8372224K, committed 524288K, used 61363K [0x0000000601000000, 0x0000000800000000)
  region size 4096K, 13 young (53248K), 1 survivors (4096K)
 Metaspace       used 10579K, committed 10816K, reserved 1114112K
  class space    used 1220K, committed 1344K, reserved 1048576K
}
Event: 0.980 GC heap after
{Heap after GC invocations=3 (full 0):
 garbage-first heap   total reserved 8372224K, committed 524288K, used 27847K [0x0000000601000000, 0x0000000800000000)
  region size 4096K, 2 young (8192K), 2 survivors (8192K)
 Metaspace       used 10579K, committed 10816K, reserved 1114112K
  class space    used 1220K, committed 1344K, reserved 1048576K
}
Event: 0.998 GC heap before
{Heap before GC invocations=3 (full 0):
 garbage-first heap   total reserved 8372224K, committed 524288K, used 44231K [0x0000000601000000, 0x0000000800000000)
  region size 4096K, 6 young (24576K), 2 survivors (8192K)
 Metaspace       used 10584K, committed 10816K, reserved 1114112K
  class space    used 1220K, committed 1344K, reserved 1048576K
}
Event: 1.002 GC heap after
{Heap after GC invocations=4 (full 0):
 garbage-first heap   total reserved 8372224K, committed 524288K, used 32620K [0x0000000601000000, 0x0000000800000000)
  region size 4096K, 1 young (4096K), 1 survivors (4096K)
 Metaspace       used 10584K, committed 10816K, reserved 1114112K
  class space    used 1220K, committed 1344K, reserved 1048576K
}
Event: 1.052 GC heap before
{Heap before GC invocations=4 (full 0):
 garbage-first heap   total reserved 8372224K, committed 524288K, used 73580K [0x0000000601000000, 0x0000000800000000)
  region size 4096K, 10 young (40960K), 1 survivors (4096K)
 Metaspace       used 10590K, committed 10816K, reserved 1114112K
  class space    used 1220K, committed 1344K, reserved 1048576K
}
Event: 1.057 GC heap after
{Heap after GC invocations=5 (full 0):
 garbage-first heap   total reserved 8372224K, committed 524288K, used 48655K [0x0000000601000000, 0x0000000800000000)
  region size 4096K, 2 young (8192K), 2 survivors (8192K)
 Metaspace       used 10590K, committed 10816K, reserved 1114112K
  class space    used 1220K, committed 1344K, reserved 1048576K
}
Event: 1.197 GC heap before
{Heap before GC invocations=5 (full 0):
 garbage-first heap   total reserved 8372224K, committed 524288K, used 114191K [0x0000000601000000, 0x0000000800000000)
  region size 4096K, 18 young (73728K), 2 survivors (8192K)
 Metaspace       used 11029K, committed 11264K, reserved 1114112K
  class space    used 1283K, committed 1408K, reserved 1048576K
}

Dll operation events (7 events):
Event: 0.016 Loaded shared library C:\Program Files\Java\jdk-23\bin\java.dll
Event: 0.259 Loaded shared library C:\Program Files\Java\jdk-23\bin\jsvml.dll
Event: 0.271 Loaded shared library C:\Program Files\Java\jdk-23\bin\net.dll
Event: 0.272 Loaded shared library C:\Program Files\Java\jdk-23\bin\nio.dll
Event: 0.274 Loaded shared library C:\Program Files\Java\jdk-23\bin\zip.dll
Event: 0.281 Loaded shared library C:\Program Files\Java\jdk-23\bin\jimage.dll
Event: 0.676 Loaded shared library C:\Program Files\Java\jdk-23\bin\verify.dll

Deoptimization events (20 events):
Event: 1.156 Thread 0x000002243b3cef40 DEOPT PACKING pc=0x00000224461c6d4c sp=0x00000044543fe8c0
Event: 1.156 Thread 0x000002243b3cef40 DEOPT UNPACKING pc=0x000002244d3a4b22 sp=0x00000044543fdd60 mode 0
Event: 1.158 Thread 0x000002243b3cef40 DEOPT PACKING pc=0x00000224461c7eab sp=0x00000044543feac0
Event: 1.158 Thread 0x000002243b3cef40 DEOPT UNPACKING pc=0x000002244d3a4b22 sp=0x00000044543fdff0 mode 0
Event: 1.161 Thread 0x000002243b3cef40 DEOPT PACKING pc=0x00000224461c7eab sp=0x00000044543feac0
Event: 1.161 Thread 0x000002243b3cef40 DEOPT UNPACKING pc=0x000002244d3a4b22 sp=0x00000044543fdff0 mode 0
Event: 1.163 Thread 0x000002243b3cef40 DEOPT PACKING pc=0x00000224461c7eab sp=0x00000044543feac0
Event: 1.163 Thread 0x000002243b3cef40 DEOPT UNPACKING pc=0x000002244d3a4b22 sp=0x00000044543fdff0 mode 0
Event: 1.166 Thread 0x000002243b3cef40 DEOPT PACKING pc=0x00000224461cb678 sp=0x00000044543feb70
Event: 1.166 Thread 0x000002243b3cef40 DEOPT UNPACKING pc=0x000002244d3a4b22 sp=0x00000044543fe040 mode 0
Event: 1.166 Thread 0x000002243b3cef40 DEOPT PACKING pc=0x00000224461cb678 sp=0x00000044543feb70
Event: 1.166 Thread 0x000002243b3cef40 DEOPT UNPACKING pc=0x000002244d3a4b22 sp=0x00000044543fe040 mode 0
Event: 1.168 Thread 0x000002243b3cef40 DEOPT PACKING pc=0x00000224461c7eab sp=0x00000044543feac0
Event: 1.168 Thread 0x000002243b3cef40 DEOPT UNPACKING pc=0x000002244d3a4b22 sp=0x00000044543fdff0 mode 0
Event: 1.170 Thread 0x000002243b3cef40 DEOPT PACKING pc=0x00000224461cb678 sp=0x00000044543feb70
Event: 1.170 Thread 0x000002243b3cef40 DEOPT UNPACKING pc=0x000002244d3a4b22 sp=0x00000044543fe040 mode 0
Event: 1.171 Thread 0x000002243b3cef40 DEOPT PACKING pc=0x00000224461c7eab sp=0x00000044543feac0
Event: 1.171 Thread 0x000002243b3cef40 DEOPT UNPACKING pc=0x000002244d3a4b22 sp=0x00000044543fdff0 mode 0
Event: 1.173 Thread 0x000002243b3cef40 DEOPT PACKING pc=0x00000224461c7eab sp=0x00000044543feac0
Event: 1.173 Thread 0x000002243b3cef40 DEOPT UNPACKING pc=0x000002244d3a4b22 sp=0x00000044543fdff0 mode 0

Classes loaded (20 events):
Event: 0.917 Loading class sun/text/resources/BreakIteratorResources
Event: 0.917 Loading class sun/util/resources/BreakIteratorResourceBundle
Event: 0.917 Loading class sun/util/resources/BreakIteratorResourceBundle done
Event: 0.917 Loading class sun/text/resources/BreakIteratorResources done
Event: 0.918 Loading class sun/text/RuleBasedBreakIterator
Event: 0.918 Loading class sun/text/RuleBasedBreakIterator done
Event: 0.918 Loading class sun/text/CompactByteArray
Event: 0.919 Loading class sun/text/CompactByteArray done
Event: 0.919 Loading class sun/text/SupplementaryCharacterData
Event: 0.919 Loading class sun/text/SupplementaryCharacterData done
Event: 0.919 Loading class java/text/BreakIterator$BreakIteratorCache
Event: 0.919 Loading class java/text/BreakIterator$BreakIteratorCache done
Event: 0.919 Loading class java/text/StringCharacterIterator
Event: 0.919 Loading class java/text/CharacterIterator
Event: 0.919 Loading class java/text/CharacterIterator done
Event: 0.919 Loading class java/text/StringCharacterIterator done
Event: 1.071 Loading class java/io/FileFilter
Event: 1.071 Loading class java/io/FileFilter done
Event: 1.093 Loading class java/util/NoSuchElementException
Event: 1.093 Loading class java/util/NoSuchElementException done

Classes unloaded (0 events):
No events

Classes redefined (0 events):
No events

Internal exceptions (12 events):
Event: 0.396 Thread 0x000002243b3cef40 Exception <a 'java/lang/ClassNotFoundException'{0x00000006205ccf90}: javax/smartcardio/CardPermission> (0x00000006205ccf90) 
thrown [s\open\src\hotspot\share\classfile\systemDictionary.cpp, line 313]
Event: 0.398 Thread 0x000002243b3cef40 Exception <a 'java/io/FileNotFoundException'{0x00000006205db1b0}> (0x00000006205db1b0) 
thrown [s\open\src\hotspot\share\prims\jni.cpp, line 520]
Event: 0.422 Thread 0x000002243b3cef40 Exception <a 'java/lang/NoSuchMethodError'{0x0000000620692330}: 'java.lang.Object java.lang.invoke.DirectMethodHandle$Holder.invokeInterface(java.lang.Object, java.lang.Object)'> (0x0000000620692330) 
thrown [s\open\src\hotspot\share\interpreter\linkResolver.cpp, line 796]
Event: 0.474 Thread 0x000002243b3cef40 Exception <a 'java/lang/NoSuchMethodError'{0x00000006207e4718}: 'void java.lang.invoke.DirectMethodHandle$Holder.invokeSpecialIFC(java.lang.Object, java.lang.Object, java.lang.Object, java.lang.Object, java.lang.Object)'> (0x00000006207e4718) 
thrown [s\open\src\hotspot\share\interpreter\linkResolver.cpp, line 796]
Event: 0.475 Thread 0x000002243b3cef40 Exception <a 'java/lang/NoSuchMethodError'{0x00000006207ec978}: 'void java.lang.invoke.DirectMethodHandle$Holder.invokeStatic(java.lang.Object, java.lang.Object, java.lang.Object, java.lang.Object)'> (0x00000006207ec978) 
thrown [s\open\src\hotspot\share\interpreter\linkResolver.cpp, line 796]
Event: 0.476 Thread 0x000002243b3cef40 Exception <a 'java/lang/NoSuchMethodError'{0x00000006207f50e0}: 'int java.lang.invoke.DirectMethodHandle$Holder.invokeSpecial(java.lang.Object, java.lang.Object, java.lang.Object)'> (0x00000006207f50e0) 
thrown [s\open\src\hotspot\share\interpreter\linkResolver.cpp, line 796]
Event: 0.488 Thread 0x000002243b3cef40 Exception <a 'java/lang/NoSuchMethodError'{0x0000000620097088}: 'java.lang.Object java.lang.invoke.DirectMethodHandle$Holder.invokeStaticInit(java.lang.Object, java.lang.Object, java.lang.Object)'> (0x0000000620097088) 
thrown [s\open\src\hotspot\share\interpreter\linkResolver.cpp, line 796]
Event: 0.515 Thread 0x000002243b3cef40 Exception <a 'java/lang/NoSuchMethodError'{0x0000000620180b50}: 'void java.lang.invoke.DirectMethodHandle$Holder.invokeSpecial(java.lang.Object, java.lang.Object, java.lang.Object)'> (0x0000000620180b50) 
thrown [s\open\src\hotspot\share\interpreter\linkResolver.cpp, line 796]
Event: 0.516 Thread 0x000002243b3cef40 Exception <a 'java/lang/NoSuchMethodError'{0x000000062018a380}: 'void java.lang.invoke.DirectMethodHandle$Holder.invokeStatic(java.lang.Object, int, java.lang.Object)'> (0x000000062018a380) 
thrown [s\open\src\hotspot\share\interpreter\linkResolver.cpp, line 796]
Event: 0.682 Thread 0x000002243b3cef40 Exception <a 'java/lang/NoClassDefFoundError'{0x000000061fbb5098}: org/apache/log4j/Priority> (0x000000061fbb5098) 
thrown [s\open\src\hotspot\share\classfile\systemDictionary.cpp, line 302]
Event: 0.708 Thread 0x000002243b3cef40 Exception <a 'java/lang/ClassNotFoundException'{0x0000000620c429e8}: com/sun/org/apache/xerces/internal/impl/xpath/regex/spi/messageProvider> (0x0000000620c429e8) 
thrown [s\open\src\hotspot\share\classfile\systemDictionary.cpp, line 313]
Event: 0.826 Thread 0x000002243b3cef40 Exception <a 'java/lang/IncompatibleClassChangeError'{0x0000000620a187f0}: Found class java.lang.Object, but interface was expected> (0x0000000620a187f0) 
thrown [s\open\src\hotspot\share\interpreter\linkResolver.cpp, line 863]

VM Operations (20 events):
Event: 0.560 Executing VM operation: HandshakeAllThreads (Deoptimize) done
Event: 0.562 Executing VM operation: HandshakeAllThreads (Deoptimize)
Event: 0.562 Executing VM operation: HandshakeAllThreads (Deoptimize) done
Event: 0.658 Executing VM operation: ThreadDump
Event: 0.658 Executing VM operation: ThreadDump done
Event: 0.688 Executing VM operation: G1CollectForAllocation (G1 Evacuation Pause)
Event: 0.692 Executing VM operation: G1CollectForAllocation (G1 Evacuation Pause) done
Event: 0.727 Executing VM operation: HandshakeAllThreads (Deoptimize)
Event: 0.727 Executing VM operation: HandshakeAllThreads (Deoptimize) done
Event: 0.729 Executing VM operation: HandshakeAllThreads (Deoptimize)
Event: 0.729 Executing VM operation: HandshakeAllThreads (Deoptimize) done
Event: 0.876 Executing VM operation: G1CollectForAllocation (G1 Evacuation Pause)
Event: 0.878 Executing VM operation: G1CollectForAllocation (G1 Evacuation Pause) done
Event: 0.974 Executing VM operation: G1CollectForAllocation (G1 Evacuation Pause)
Event: 0.980 Executing VM operation: G1CollectForAllocation (G1 Evacuation Pause) done
Event: 0.998 Executing VM operation: G1CollectForAllocation (G1 Evacuation Pause)
Event: 1.002 Executing VM operation: G1CollectForAllocation (G1 Evacuation Pause) done
Event: 1.052 Executing VM operation: G1CollectForAllocation (G1 Evacuation Pause)
Event: 1.057 Executing VM operation: G1CollectForAllocation (G1 Evacuation Pause) done
Event: 1.197 Executing VM operation: G1CollectForAllocation (G1 Evacuation Pause)

Memory protections (0 events):
No events

Nmethod flushes (0 events):
No events

Events (18 events):
Event: 0.249 Thread 0x000002243b3cef40 Thread added: 0x000002243b3cef40
Event: 0.257 Thread 0x000002243b3cef40 Thread added: 0x000002245f9dd600
Event: 0.257 Thread 0x000002243b3cef40 Thread added: 0x000002245f9df530
Event: 0.257 Thread 0x000002243b3cef40 Thread added: 0x000002245f9e2670
Event: 0.257 Thread 0x000002243b3cef40 Thread added: 0x000002245f9e3680
Event: 0.258 Thread 0x000002243b3cef40 Thread added: 0x000002245f9e8100
Event: 0.258 Thread 0x000002243b3cef40 Thread added: 0x000002245f9e8c90
Event: 0.258 Thread 0x000002243b3cef40 Thread added: 0x000002245f9ed660
Event: 0.258 Thread 0x000002243b3cef40 Thread added: 0x000002245f9f0380
Event: 0.262 Thread 0x000002245f9f0380 Thread added: 0x0000022462927970
Event: 0.268 Thread 0x000002243b3cef40 Thread added: 0x0000022462a5b8a0
Event: 0.269 Thread 0x000002243b3cef40 Thread added: 0x0000022462a5e750
Event: 0.278 Thread 0x0000022462927970 Thread added: 0x0000022462a78560
Event: 0.303 Thread 0x0000022462927970 Thread added: 0x00000224a801b940
Event: 0.566 Thread 0x0000022462a78560 Thread added: 0x00000224a8a95380
Event: 0.649 Thread 0x0000022462a78560 Thread added: 0x00000224a8b7e7c0
Event: 0.657 Thread 0x000002243b3cef40 Thread added: 0x00000224a8a649b0
Event: 0.664 Thread 0x000002243b3cef40 Thread added: 0x00000224a8c17f50


Dynamic libraries:
0x00007ff6e7d10000 - 0x00007ff6e7d20000 	C:\Program Files\Java\jdk-23\bin\java.exe
0x00007fffe1010000 - 0x00007fffe1227000 	C:\Windows\SYSTEM32\ntdll.dll
0x00007fffdff10000 - 0x00007fffdffd4000 	C:\Windows\System32\KERNEL32.DLL
0x00007fffde990000 - 0x00007fffded3d000 	C:\Windows\System32\KERNELBASE.dll
0x00007fffde360000 - 0x00007fffde471000 	C:\Windows\System32\ucrtbase.dll
0x00007fff40400000 - 0x00007fff40417000 	C:\Program Files\Java\jdk-23\bin\jli.dll
0x00007fff403e0000 - 0x00007fff403fb000 	C:\Program Files\Java\jdk-23\bin\VCRUNTIME140.dll
0x00007fffdf0d0000 - 0x00007fffdf27e000 	C:\Windows\System32\USER32.dll
0x00007fffde330000 - 0x00007fffde356000 	C:\Windows\System32\win32u.dll
0x00007fffe0140000 - 0x00007fffe0169000 	C:\Windows\System32\GDI32.dll
0x00007fffde7d0000 - 0x00007fffde8e9000 	C:\Windows\System32\gdi32full.dll
0x00007fffcb080000 - 0x00007fffcb313000 	C:\Windows\WinSxS\amd64_microsoft.windows.common-controls_6595b64144ccf1df_6.0.22621.3672_none_2713b9d173822955\COMCTL32.dll
0x00007fffde8f0000 - 0x00007fffde98a000 	C:\Windows\System32\msvcp_win.dll
0x00007fffdffe0000 - 0x00007fffe0087000 	C:\Windows\System32\msvcrt.dll
0x00007fffe0220000 - 0x00007fffe0251000 	C:\Windows\System32\IMM32.DLL
0x00007fffade00000 - 0x00007fffade0c000 	C:\Program Files\Java\jdk-23\bin\vcruntime140_1.dll
0x00007fff40350000 - 0x00007fff403de000 	C:\Program Files\Java\jdk-23\bin\msvcp140.dll
0x00007fff3e3f0000 - 0x00007fff3f13f000 	C:\Program Files\Java\jdk-23\bin\server\jvm.dll
0x00007fffdfe20000 - 0x00007fffdfed2000 	C:\Windows\System32\ADVAPI32.dll
0x00007fffe0090000 - 0x00007fffe0139000 	C:\Windows\System32\sechost.dll
0x00007fffde660000 - 0x00007fffde688000 	C:\Windows\System32\bcrypt.dll
0x00007fffe04f0000 - 0x00007fffe0604000 	C:\Windows\System32\RPCRT4.dll
0x00007fffdfb50000 - 0x00007fffdfbc1000 	C:\Windows\System32\WS2_32.dll
0x00007fffde210000 - 0x00007fffde25d000 	C:\Windows\SYSTEM32\POWRPROF.dll
0x00007fffd7a70000 - 0x00007fffd7aa4000 	C:\Windows\SYSTEM32\WINMM.dll
0x00007fffd7390000 - 0x00007fffd739a000 	C:\Windows\SYSTEM32\VERSION.dll
0x00007fffde1e0000 - 0x00007fffde1f3000 	C:\Windows\SYSTEM32\UMPDC.dll
0x00007fffdd340000 - 0x00007fffdd358000 	C:\Windows\SYSTEM32\kernel.appcore.dll
0x00007fffa7740000 - 0x00007fffa774a000 	C:\Program Files\Java\jdk-23\bin\jimage.dll
0x00007fffdbd00000 - 0x00007fffdbf32000 	C:\Windows\SYSTEM32\DBGHELP.DLL
0x00007fffded40000 - 0x00007fffdf0ce000 	C:\Windows\System32\combase.dll
0x00007fffe0310000 - 0x00007fffe03e7000 	C:\Windows\System32\OLEAUT32.dll
0x00007fffbb850000 - 0x00007fffbb882000 	C:\Windows\SYSTEM32\dbgcore.DLL
0x00007fffde750000 - 0x00007fffde7cb000 	C:\Windows\System32\bcryptPrimitives.dll
0x00007fff40330000 - 0x00007fff4034e000 	C:\Program Files\Java\jdk-23\bin\java.dll
0x00007fffe09a0000 - 0x00007fffe0b45000 	C:\Windows\System32\ole32.dll
0x00007fffdf2e0000 - 0x00007fffdfb47000 	C:\Windows\System32\SHELL32.dll
0x00007fffdc260000 - 0x00007fffdcb5f000 	C:\Windows\SYSTEM32\windows.storage.dll
0x00007fffdc120000 - 0x00007fffdc25f000 	C:\Windows\SYSTEM32\wintypes.dll
0x00007fffdfd20000 - 0x00007fffdfe19000 	C:\Windows\System32\SHCORE.dll
0x00007fffdfc30000 - 0x00007fffdfc8e000 	C:\Windows\System32\shlwapi.dll
0x00007fffde260000 - 0x00007fffde287000 	C:\Windows\SYSTEM32\profapi.dll
0x00007fff40250000 - 0x00007fff40327000 	C:\Program Files\Java\jdk-23\bin\jsvml.dll
0x00007fff970b0000 - 0x00007fff970c0000 	C:\Program Files\Java\jdk-23\bin\net.dll
0x00007fffdd7a0000 - 0x00007fffdd809000 	C:\Windows\system32\mswsock.dll
0x00007fff40230000 - 0x00007fff40246000 	C:\Program Files\Java\jdk-23\bin\nio.dll
0x00007fff3fd30000 - 0x00007fff3fd47000 	C:\Program Files\Java\jdk-23\bin\zip.dll
0x00007fff89cd0000 - 0x00007fff89ce0000 	C:\Program Files\Java\jdk-23\bin\verify.dll

dbghelp: loaded successfully - version: 4.0.5 - missing functions: none
symbol engine: initialized successfully - sym options: 0x614 - pdb path: .;C:\Program Files\Java\jdk-23\bin;C:\Windows\SYSTEM32;C:\Windows\WinSxS\amd64_microsoft.windows.common-controls_6595b64144ccf1df_6.0.22621.3672_none_2713b9d173822955;C:\Program Files\Java\jdk-23\bin\server

VM Arguments:
java_command: org.languagetool.server.HTTPServer -p 8081
java_class_path (initial): C:\Users\zamli\.cache\language_tool_python\LanguageTool-6.4\languagetool-server.jar
Launcher Type: SUN_STANDARD

[Global flags]
     intx CICompilerCount                          = 12                                        {product} {ergonomic}
     uint ConcGCThreads                            = 3                                         {product} {ergonomic}
     uint G1ConcRefinementThreads                  = 13                                        {product} {ergonomic}
   size_t G1HeapRegionSize                         = 4194304                                   {product} {ergonomic}
   size_t InitialHeapSize                          = 536870912                                 {product} {ergonomic}
   size_t MarkStackSize                            = 4194304                                   {product} {ergonomic}
   size_t MarkStackSizeMax                         = 536870912                                 {product} {ergonomic}
   size_t MaxHeapSize                              = 8573157376                                {product} {ergonomic}
   size_t MaxNewSize                               = 5142216704                                {product} {ergonomic}
   size_t MinHeapDeltaBytes                        = 4194304                                   {product} {ergonomic}
   size_t MinHeapSize                              = 8388608                                   {product} {ergonomic}
    uintx NonNMethodCodeHeapSize                   = 7602176                                {pd product} {ergonomic}
    uintx NonProfiledCodeHeapSize                  = 122093568                              {pd product} {ergonomic}
    uintx ProfiledCodeHeapSize                     = 121962496                              {pd product} {ergonomic}
    uintx ReservedCodeCacheSize                    = 251658240                              {pd product} {ergonomic}
     bool SegmentedCodeCache                       = true                                      {product} {ergonomic}
   size_t SoftMaxHeapSize                          = 8573157376                             {manageable} {ergonomic}
     bool UseCompressedOops                        = true                           {product lp64_product} {ergonomic}
     bool UseG1GC                                  = true                                      {product} {ergonomic}
     bool UseLargePagesIndividualAllocation        = false                                  {pd product} {ergonomic}

Logging:
Log output configuration:
 #0: stdout all=warning uptime,level,tags foldmultilines=false
 #1: stderr all=off uptime,level,tags foldmultilines=false

Environment Variables:
PATH=c:\Users\zamli\.vscode\extensions\ms-python.python-2024.14.1-win32-x64\python_files\deactivate\powershell;C:\Users\zamli\OneDrive\Escritorio\entornos\pln_env\Scripts;c:\Users\zamli\.vscode\extensions\ms-python.python-2024.14.1-win32-x64\python_files\deactivate\powershell;C:\Users\zamli\OneDrive\Escritorio\entornos\pln_env\Scripts;C:\Program Files\Common Files\Oracle\Java\javapath;C:\Windows\system32;C:\Windows;C:\Windows\System32\Wbem;C:\Windows\System32\WindowsPowerShell\v1.0\;C:\Windows\System32\OpenSSH\;C:\Program Files\NVIDIA Corporation\NVIDIA NvDLISR;C:\Program Files (x86)\NVIDIA Corporation\PhysX\Common;C:\Program Files\dotnet\;C:\Program Files\Git\cmd;C:\Program Files\Docker\Docker\resources\bin;C:\minikube;C:\Users\zamli\AppData\Local\Programs\Python\Python312\Scripts\;C:\Users\zamli\AppData\Local\Programs\Python\Python312\;C:\Users\zamli\AppData\Local\Microsoft\WindowsApps;C:\Users\zamli\AppData\Local\Programs\Python\Python312;C:\Users\zamli\AppData\Local\Programs\Python\Python312\Scripts;C:\Users\zamli\AppData\Local\Programs\Microsoft VS Code\bin
USERNAME=zamli
LANG=en_US.UTF-8
OS=Windows_NT
PROCESSOR_IDENTIFIER=AMD64 Family 25 Model 33 Stepping 2, AuthenticAMD
TMP=C:\Users\zamli\AppData\Local\Temp
TEMP=C:\Users\zamli\AppData\Local\Temp




Periodic native trim disabled

---------------  S Y S T E M  ---------------

OS:
 Windows 11 , 64 bit Build 22621 (10.0.22621.3958)
OS uptime: 0 days 17:17 hours
Hyper-V role detected

CPU: total 16 (initial active 16) (16 cores per cpu, 2 threads per core) family 25 model 33 stepping 2 microcode 0x0, cx8, cmov, fxsr, ht, mmx, 3dnowpref, sse, sse2, sse3, ssse3, sse4a, sse4.1, sse4.2, popcnt, lzcnt, tsc, tscinvbit, avx, avx2, aes, clmul, bmi1, bmi2, adx, sha, fma, vzeroupper, clflush, clflushopt, hv, rdtscp, rdpid, f16c, cet_ss
Processor Information for the first 16 processors :
  Max Mhz: 3001, Current Mhz: 3001, Mhz Limit: 3001

Memory: 4k page, system-wide physical 32692M (878M free)
TotalPageFile size 130943M (AvailPageFile size 163M)
current process WorkingSet (physical memory assigned to process): 203M, peak: 203M
current process commit charge ("private bytes"): 650M, peak: 1150M

vm_info: Java HotSpot(TM) 64-Bit Server VM (23+37-2369) for windows-amd64 JRE (23+37-2369), built on 2024-08-20T16:01:23Z with MS VC++ 17.6 (VS2022)

END.
